Flow report for DE1_SOC_golden_top
Sun Dec 17 19:27:38 2017
Quartus Prime Version 16.1.0 Build 196 10/24/2016 SJ Lite Edition


---------------------
; Table of Contents ;
---------------------
  1. Legal Notice
  2. Flow Summary
  3. Flow Settings
  4. Flow Non-Default Global Settings
  5. Flow Elapsed Time
  6. Flow OS Summary
  7. Flow Log
  8. Flow Messages
  9. Flow Suppressed Messages



----------------
; Legal Notice ;
----------------
Copyright (C) 2016  Intel Corporation. All rights reserved.
Your use of Intel Corporation's design tools, logic functions 
and other software and tools, and its AMPP partner logic 
functions, and any output files from any of the foregoing 
(including device programming or simulation files), and any 
associated documentation or information are expressly subject 
to the terms and conditions of the Intel Program License 
Subscription Agreement, the Intel Quartus Prime License Agreement,
the Intel MegaCore Function License Agreement, or other 
applicable license agreement, including, without limitation, 
that your use is for the sole purpose of programming logic 
devices manufactured by Intel and sold by Intel or its 
authorized distributors.  Please refer to the applicable 
agreement for further details.



+-------------------------------------------------------------------------------+
; Flow Summary                                                                  ;
+---------------------------------+---------------------------------------------+
; Flow Status                     ; Successful - Sun Dec 17 19:27:27 2017       ;
; Quartus Prime Version           ; 16.1.0 Build 196 10/24/2016 SJ Lite Edition ;
; Revision Name                   ; DE1_SOC_golden_top                          ;
; Top-level Entity Name           ; de1_top                                     ;
; Family                          ; Cyclone V                                   ;
; Device                          ; 5CSEMA5F31C6                                ;
; Timing Models                   ; Final                                       ;
; Logic utilization (in ALMs)     ; 11 / 32,070 ( < 1 % )                       ;
; Total registers                 ; 10                                          ;
; Total pins                      ; 67 / 457 ( 15 % )                           ;
; Total virtual pins              ; 0                                           ;
; Total block memory bits         ; 128 / 4,065,280 ( < 1 % )                   ;
; Total DSP Blocks                ; 0 / 87 ( 0 % )                              ;
; Total HSSI RX PCSs              ; 0                                           ;
; Total HSSI PMA RX Deserializers ; 0                                           ;
; Total HSSI TX PCSs              ; 0                                           ;
; Total HSSI PMA TX Serializers   ; 0                                           ;
; Total PLLs                      ; 0 / 6 ( 0 % )                               ;
; Total DLLs                      ; 0 / 4 ( 0 % )                               ;
+---------------------------------+---------------------------------------------+


+-----------------------------------------+
; Flow Settings                           ;
+-------------------+---------------------+
; Option            ; Setting             ;
+-------------------+---------------------+
; Start date & time ; 12/17/2017 19:25:52 ;
; Main task         ; Compilation         ;
; Revision Name     ; DE1_SOC_golden_top  ;
+-------------------+---------------------+


+-----------------------------------------------------------------------------------------------------------------------------------+
; Flow Non-Default Global Settings                                                                                                  ;
+--------------------------------------+----------------------------------------+--------------------+-------------+----------------+
; Assignment Name                      ; Value                                  ; Default Value      ; Entity Name ; Section Id     ;
+--------------------------------------+----------------------------------------+--------------------+-------------+----------------+
; COMPILER_SIGNATURE_ID                ; 1098777546427.151356035216896          ; --                 ; --          ; --             ;
; EDA_DESIGN_INSTANCE_NAME             ; NA                                     ; --                 ; --          ; gen_counter_tb ;
; EDA_NATIVELINK_SIMULATION_TEST_BENCH ; gen_counter_tb                         ; --                 ; --          ; eda_simulation ;
; EDA_OUTPUT_DATA_FORMAT               ; None                                   ; --                 ; --          ; eda_simulation ;
; EDA_TEST_BENCH_ENABLE_STATUS         ; TEST_BENCH_MODE                        ; --                 ; --          ; eda_simulation ;
; EDA_TEST_BENCH_FILE                  ; gen_counter.vhd                        ; --                 ; --          ; gen_counter_tb ;
; EDA_TEST_BENCH_FILE                  ; gen_counter_tb.vhd                     ; --                 ; --          ; gen_counter_tb ;
; EDA_TEST_BENCH_MODULE_NAME           ; gen_counter_tb                         ; --                 ; --          ; gen_counter_tb ;
; EDA_TEST_BENCH_NAME                  ; gen_counter_tb                         ; --                 ; --          ; eda_simulation ;
; EDA_TEST_BENCH_RUN_SIM_FOR           ; 100 ns                                 ; --                 ; --          ; gen_counter_tb ;
; MAX_CORE_JUNCTION_TEMP               ; 85                                     ; --                 ; --          ; --             ;
; MIN_CORE_JUNCTION_TEMP               ; 0                                      ; --                 ; --          ; --             ;
; MISC_FILE                            ; ram32x4_inst.vhd                       ; --                 ; --          ; --             ;
; MISC_FILE                            ; ram32x4.cmp                            ; --                 ; --          ; --             ;
; PARTITION_COLOR                      ; -- (Not supported for targeted family) ; --                 ; DE1_top     ; Top            ;
; PARTITION_FITTER_PRESERVATION_LEVEL  ; -- (Not supported for targeted family) ; --                 ; DE1_top     ; Top            ;
; PARTITION_NETLIST_TYPE               ; -- (Not supported for targeted family) ; --                 ; DE1_top     ; Top            ;
; POWER_BOARD_THERMAL_MODEL            ; None (CONSERVATIVE)                    ; --                 ; --          ; --             ;
; POWER_PRESET_COOLING_SOLUTION        ; 23 MM HEAT SINK WITH 200 LFPM AIRFLOW  ; --                 ; --          ; --             ;
; TOP_LEVEL_ENTITY                     ; DE1_top                                ; DE1_SOC_golden_top ; --          ; --             ;
+--------------------------------------+----------------------------------------+--------------------+-------------+----------------+


+-------------------------------------------------------------------------------------------------------------------------------+
; Flow Elapsed Time                                                                                                             ;
+---------------------------+--------------+-------------------------+---------------------+------------------------------------+
; Module Name               ; Elapsed Time ; Average Processors Used ; Peak Virtual Memory ; Total CPU Time (on all processors) ;
+---------------------------+--------------+-------------------------+---------------------+------------------------------------+
; Analysis & Synthesis      ; 00:00:19     ; 1.0                     ; 797 MB              ; 00:00:43                           ;
; Fitter                    ; 00:01:01     ; 1.0                     ; 2261 MB             ; 00:01:28                           ;
; Assembler                 ; 00:00:12     ; 1.0                     ; 748 MB              ; 00:00:09                           ;
; TimeQuest Timing Analyzer ; 00:00:10     ; 1.0                     ; 1060 MB             ; 00:00:09                           ;
; Total                     ; 00:01:42     ; --                      ; --                  ; 00:02:29                           ;
+---------------------------+--------------+-------------------------+---------------------+------------------------------------+


+-----------------------------------------------------------------------------------------+
; Flow OS Summary                                                                         ;
+---------------------------+------------------+------------+------------+----------------+
; Module Name               ; Machine Hostname ; OS Name    ; OS Version ; Processor type ;
+---------------------------+------------------+------------+------------+----------------+
; Analysis & Synthesis      ; LAPTOP-8GKTBMCA  ; Windows 10 ; 10.0       ; x86_64         ;
; Fitter                    ; LAPTOP-8GKTBMCA  ; Windows 10 ; 10.0       ; x86_64         ;
; Assembler                 ; LAPTOP-8GKTBMCA  ; Windows 10 ; 10.0       ; x86_64         ;
; TimeQuest Timing Analyzer ; LAPTOP-8GKTBMCA  ; Windows 10 ; 10.0       ; x86_64         ;
+---------------------------+------------------+------------+------------+----------------+


------------
; Flow Log ;
------------
quartus_map --read_settings_files=on --write_settings_files=off DE1_base -c DE1_SOC_golden_top
quartus_fit --read_settings_files=off --write_settings_files=off DE1_base -c DE1_SOC_golden_top
quartus_asm --read_settings_files=off --write_settings_files=off DE1_base -c DE1_SOC_golden_top
quartus_sta DE1_base -c DE1_SOC_golden_top



