Flow report for de1_soc_timing_lab
Tue Dec 19 20:57:35 2017
Quartus Prime Version 16.1.0 Build 196 10/24/2016 SJ Lite Edition


---------------------
; Table of Contents ;
---------------------
  1. Legal Notice
  2. Flow Summary
  3. Flow Settings
  4. Flow Non-Default Global Settings
  5. Flow Elapsed Time
  6. Flow OS Summary
  7. Flow Log
  8. Flow Messages
  9. Flow Suppressed Messages



----------------
; Legal Notice ;
----------------
Copyright (C) 2016  Intel Corporation. All rights reserved.
Your use of Intel Corporation's design tools, logic functions 
and other software and tools, and its AMPP partner logic 
functions, and any output files from any of the foregoing 
(including device programming or simulation files), and any 
associated documentation or information are expressly subject 
to the terms and conditions of the Intel Program License 
Subscription Agreement, the Intel Quartus Prime License Agreement,
the Intel MegaCore Function License Agreement, or other 
applicable license agreement, including, without limitation, 
that your use is for the sole purpose of programming logic 
devices manufactured by Intel and sold by Intel or its 
authorized distributors.  Please refer to the applicable 
agreement for further details.



+-------------------------------------------------------------------------------+
; Flow Summary                                                                  ;
+---------------------------------+---------------------------------------------+
; Flow Status                     ; Successful - Tue Dec 19 20:56:49 2017       ;
; Quartus Prime Version           ; 16.1.0 Build 196 10/24/2016 SJ Lite Edition ;
; Revision Name                   ; de1_soc_timing_lab                          ;
; Top-level Entity Name           ; de1_soc_top                                 ;
; Family                          ; Cyclone V                                   ;
; Device                          ; 5CSEMA5F31C6                                ;
; Timing Models                   ; Final                                       ;
; Logic utilization (in ALMs)     ; 1,086 / 32,070 ( 3 % )                      ;
; Total registers                 ; 2788                                        ;
; Total pins                      ; 16 / 457 ( 4 % )                            ;
; Total virtual pins              ; 0                                           ;
; Total block memory bits         ; 278,528 / 4,065,280 ( 7 % )                 ;
; Total DSP Blocks                ; 0 / 87 ( 0 % )                              ;
; Total HSSI RX PCSs              ; 0                                           ;
; Total HSSI PMA RX Deserializers ; 0                                           ;
; Total HSSI TX PCSs              ; 0                                           ;
; Total HSSI PMA TX Serializers   ; 0                                           ;
; Total PLLs                      ; 2 / 6 ( 33 % )                              ;
; Total DLLs                      ; 0 / 4 ( 0 % )                               ;
+---------------------------------+---------------------------------------------+


+-----------------------------------------+
; Flow Settings                           ;
+-------------------+---------------------+
; Option            ; Setting             ;
+-------------------+---------------------+
; Start date & time ; 12/19/2017 20:53:45 ;
; Main task         ; Compilation         ;
; Revision Name     ; de1_soc_timing_lab  ;
+-------------------+---------------------+


+------------------------------------------------------------------------------------------------------------------------------------------------------------------------------------------------------------------------------------------------------------------------------------------------------------------------------------------------------------------------------------------------------------+
; Flow Non-Default Global Settings                                                                                                                                                                                                                                                                                                                                                                           ;
+-------------------------------------+-------------------------------------------------------------------------------------------------------------------------------------------------------------------------------------------------------------------------------------------------------------------------------------------------------------------+--------------------+-------------+---------------+
; Assignment Name                     ; Value                                                                                                                                                                                                                                                                                                             ; Default Value      ; Entity Name ; Section Id    ;
+-------------------------------------+-------------------------------------------------------------------------------------------------------------------------------------------------------------------------------------------------------------------------------------------------------------------------------------------------------------------+--------------------+-------------+---------------+
; COMPILER_SIGNATURE_ID               ; 1098777546427.151373842507668                                                                                                                                                                                                                                                                                     ; --                 ; --          ; --            ;
; ENABLE_SIGNALTAP                    ; On                                                                                                                                                                                                                                                                                                                ; --                 ; --          ; --            ;
; FITTER_EFFORT                       ; Fast Fit                                                                                                                                                                                                                                                                                                          ; Auto Fit           ; --          ; --            ;
; MAX_CORE_JUNCTION_TEMP              ; 85                                                                                                                                                                                                                                                                                                                ; --                 ; --          ; --            ;
; MIN_CORE_JUNCTION_TEMP              ; 0                                                                                                                                                                                                                                                                                                                 ; --                 ; --          ; --            ;
; MISC_FILE                           ; ip_megawizards/clocka_pll.cmp                                                                                                                                                                                                                                                                                     ; --                 ; --          ; --            ;
; MISC_FILE                           ; ip_megawizards/clocka_fifo.cmp                                                                                                                                                                                                                                                                                    ; --                 ; --          ; --            ;
; MISC_FILE                           ; ip_megawizards/clockb_pll.cmp                                                                                                                                                                                                                                                                                     ; --                 ; --          ; --            ;
; MISC_FILE                           ; ip_megawizards/clockb_pll_sim/clockb_pll.vho                                                                                                                                                                                                                                                                      ; --                 ; --          ; --            ;
; PARTITION_COLOR                     ; -- (Not supported for targeted family)                                                                                                                                                                                                                                                                            ; --                 ; de1_soc_top ; Top           ;
; PARTITION_FITTER_PRESERVATION_LEVEL ; -- (Not supported for targeted family)                                                                                                                                                                                                                                                                            ; --                 ; de1_soc_top ; Top           ;
; PARTITION_NETLIST_TYPE              ; -- (Not supported for targeted family)                                                                                                                                                                                                                                                                            ; --                 ; de1_soc_top ; Top           ;
; PHYSICAL_SYNTHESIS_EFFORT           ; Fast                                                                                                                                                                                                                                                                                                              ; Normal             ; --          ; --            ;
; POWER_BOARD_THERMAL_MODEL           ; None (CONSERVATIVE)                                                                                                                                                                                                                                                                                               ; --                 ; --          ; --            ;
; POWER_PRESET_COOLING_SOLUTION       ; 23 MM HEAT SINK WITH 200 LFPM AIRFLOW                                                                                                                                                                                                                                                                             ; --                 ; --          ; --            ;
; PROJECT_OUTPUT_DIRECTORY            ; output_files                                                                                                                                                                                                                                                                                                      ; --                 ; --          ; --            ;
; SEARCH_PATH                         ; ip_megawizards/                                                                                                                                                                                                                                                                                                   ; --                 ; --          ; --            ;
; SEARCH_PATH                         ; signal_tap_files/                                                                                                                                                                                                                                                                                                 ; --                 ; --          ; --            ;
; SEARCH_PATH                         ; simulation/                                                                                                                                                                                                                                                                                                       ; --                 ; --          ; --            ;
; SEARCH_PATH                         ; timing_files/                                                                                                                                                                                                                                                                                                     ; --                 ; --          ; --            ;
; SEARCH_PATH                         ; vhdl_source/                                                                                                                                                                                                                                                                                                      ; --                 ; --          ; --            ;
; SLD_FILE                            ; db/de1_soc_auto_stripped.stp                                                                                                                                                                                                                                                                                      ; --                 ; --          ; --            ;
; SLD_NODE_CREATOR_ID                 ; 110                                                                                                                                                                                                                                                                                                               ; --                 ; --          ; 144Mhz_domain ;
; SLD_NODE_CREATOR_ID                 ; 110                                                                                                                                                                                                                                                                                                               ; --                 ; --          ; 200Mhz_domain ;
; SLD_NODE_ENTITY_NAME                ; sld_signaltap                                                                                                                                                                                                                                                                                                     ; --                 ; --          ; 144Mhz_domain ;
; SLD_NODE_ENTITY_NAME                ; sld_signaltap                                                                                                                                                                                                                                                                                                     ; --                 ; --          ; 200Mhz_domain ;
; SLD_NODE_PARAMETER_ASSIGNMENT       ; SLD_RAM_BLOCK_TYPE=AUTO                                                                                                                                                                                                                                                                                           ; --                 ; --          ; 144Mhz_domain ;
; SLD_NODE_PARAMETER_ASSIGNMENT       ; SLD_DATA_BITS=47                                                                                                                                                                                                                                                                                                  ; --                 ; --          ; 144Mhz_domain ;
; SLD_NODE_PARAMETER_ASSIGNMENT       ; SLD_TRIGGER_BITS=47                                                                                                                                                                                                                                                                                               ; --                 ; --          ; 144Mhz_domain ;
; SLD_NODE_PARAMETER_ASSIGNMENT       ; SLD_NODE_INFO=805334529                                                                                                                                                                                                                                                                                           ; --                 ; --          ; 144Mhz_domain ;
; SLD_NODE_PARAMETER_ASSIGNMENT       ; SLD_POWER_UP_TRIGGER=1                                                                                                                                                                                                                                                                                            ; --                 ; --          ; 144Mhz_domain ;
; SLD_NODE_PARAMETER_ASSIGNMENT       ; SLD_INVERSION_MASK=0000000000000000000000000000000000000000000000000000000000000000000000000000001100000000000000000000000000000000000000000000000000000000000000000000001000111011111111                                                                                                                         ; --                 ; --          ; 144Mhz_domain ;
; SLD_NODE_PARAMETER_ASSIGNMENT       ; SLD_INVERSION_MASK_LENGTH=166                                                                                                                                                                                                                                                                                     ; --                 ; --          ; 144Mhz_domain ;
; SLD_NODE_PARAMETER_ASSIGNMENT       ; SLD_STORAGE_QUALIFIER_INVERSION_MASK_LENGTH=0                                                                                                                                                                                                                                                                     ; --                 ; --          ; 144Mhz_domain ;
; SLD_NODE_PARAMETER_ASSIGNMENT       ; SLD_SEGMENT_SIZE=2048                                                                                                                                                                                                                                                                                             ; --                 ; --          ; 144Mhz_domain ;
; SLD_NODE_PARAMETER_ASSIGNMENT       ; SLD_ATTRIBUTE_MEM_MODE=OFF                                                                                                                                                                                                                                                                                        ; --                 ; --          ; 144Mhz_domain ;
; SLD_NODE_PARAMETER_ASSIGNMENT       ; SLD_STATE_FLOW_USE_GENERATED=0                                                                                                                                                                                                                                                                                    ; --                 ; --          ; 144Mhz_domain ;
; SLD_NODE_PARAMETER_ASSIGNMENT       ; SLD_STATE_BITS=11                                                                                                                                                                                                                                                                                                 ; --                 ; --          ; 144Mhz_domain ;
; SLD_NODE_PARAMETER_ASSIGNMENT       ; SLD_BUFFER_FULL_STOP=1                                                                                                                                                                                                                                                                                            ; --                 ; --          ; 144Mhz_domain ;
; SLD_NODE_PARAMETER_ASSIGNMENT       ; SLD_CURRENT_RESOURCE_WIDTH=1                                                                                                                                                                                                                                                                                      ; --                 ; --          ; 144Mhz_domain ;
; SLD_NODE_PARAMETER_ASSIGNMENT       ; SLD_TRIGGER_LEVEL=1                                                                                                                                                                                                                                                                                               ; --                 ; --          ; 144Mhz_domain ;
; SLD_NODE_PARAMETER_ASSIGNMENT       ; SLD_SAMPLE_DEPTH=2048                                                                                                                                                                                                                                                                                             ; --                 ; --          ; 144Mhz_domain ;
; SLD_NODE_PARAMETER_ASSIGNMENT       ; SLD_TRIGGER_IN_ENABLED=0                                                                                                                                                                                                                                                                                          ; --                 ; --          ; 144Mhz_domain ;
; SLD_NODE_PARAMETER_ASSIGNMENT       ; SLD_ADVANCED_TRIGGER_ENTITY=basic,1,                                                                                                                                                                                                                                                                              ; --                 ; --          ; 144Mhz_domain ;
; SLD_NODE_PARAMETER_ASSIGNMENT       ; SLD_TRIGGER_LEVEL_PIPELINE=1                                                                                                                                                                                                                                                                                      ; --                 ; --          ; 144Mhz_domain ;
; SLD_NODE_PARAMETER_ASSIGNMENT       ; SLD_ENABLE_ADVANCED_TRIGGER=0                                                                                                                                                                                                                                                                                     ; --                 ; --          ; 144Mhz_domain ;
; SLD_NODE_PARAMETER_ASSIGNMENT       ; SLD_STORAGE_QUALIFIER_BITS=47                                                                                                                                                                                                                                                                                     ; --                 ; --          ; 144Mhz_domain ;
; SLD_NODE_PARAMETER_ASSIGNMENT       ; SLD_INCREMENTAL_ROUTING=1                                                                                                                                                                                                                                                                                         ; --                 ; --          ; 144Mhz_domain ;
; SLD_NODE_PARAMETER_ASSIGNMENT       ; SLD_TRIGGER_PIPELINE=0                                                                                                                                                                                                                                                                                            ; --                 ; --          ; 144Mhz_domain ;
; SLD_NODE_PARAMETER_ASSIGNMENT       ; SLD_RAM_PIPELINE=0                                                                                                                                                                                                                                                                                                ; --                 ; --          ; 144Mhz_domain ;
; SLD_NODE_PARAMETER_ASSIGNMENT       ; SLD_COUNTER_PIPELINE=0                                                                                                                                                                                                                                                                                            ; --                 ; --          ; 144Mhz_domain ;
; SLD_NODE_PARAMETER_ASSIGNMENT       ; SLD_RAM_BLOCK_TYPE=AUTO                                                                                                                                                                                                                                                                                           ; --                 ; --          ; 200Mhz_domain ;
; SLD_NODE_PARAMETER_ASSIGNMENT       ; SLD_DATA_BITS=87                                                                                                                                                                                                                                                                                                  ; --                 ; --          ; 200Mhz_domain ;
; SLD_NODE_PARAMETER_ASSIGNMENT       ; SLD_TRIGGER_BITS=87                                                                                                                                                                                                                                                                                               ; --                 ; --          ; 200Mhz_domain ;
; SLD_NODE_PARAMETER_ASSIGNMENT       ; SLD_NODE_INFO=805334528                                                                                                                                                                                                                                                                                           ; --                 ; --          ; 200Mhz_domain ;
; SLD_NODE_PARAMETER_ASSIGNMENT       ; SLD_POWER_UP_TRIGGER=1                                                                                                                                                                                                                                                                                            ; --                 ; --          ; 200Mhz_domain ;
; SLD_NODE_PARAMETER_ASSIGNMENT       ; SLD_INVERSION_MASK=0000000000000000000000000000000000000000000000000000000000000000000000000000000000000000000000000000000000000000000000000000000000000000000000000000000000000000000000000000000000000000000000000000001100000000000000000000000000000000000000000000000000000000000000000000001000111011111111 ; --                 ; --          ; 200Mhz_domain ;
; SLD_NODE_PARAMETER_ASSIGNMENT       ; SLD_INVERSION_MASK_LENGTH=286                                                                                                                                                                                                                                                                                     ; --                 ; --          ; 200Mhz_domain ;
; SLD_NODE_PARAMETER_ASSIGNMENT       ; SLD_STORAGE_QUALIFIER_INVERSION_MASK_LENGTH=0                                                                                                                                                                                                                                                                     ; --                 ; --          ; 200Mhz_domain ;
; SLD_NODE_PARAMETER_ASSIGNMENT       ; SLD_SEGMENT_SIZE=2048                                                                                                                                                                                                                                                                                             ; --                 ; --          ; 200Mhz_domain ;
; SLD_NODE_PARAMETER_ASSIGNMENT       ; SLD_ATTRIBUTE_MEM_MODE=OFF                                                                                                                                                                                                                                                                                        ; --                 ; --          ; 200Mhz_domain ;
; SLD_NODE_PARAMETER_ASSIGNMENT       ; SLD_STATE_FLOW_USE_GENERATED=0                                                                                                                                                                                                                                                                                    ; --                 ; --          ; 200Mhz_domain ;
; SLD_NODE_PARAMETER_ASSIGNMENT       ; SLD_STATE_BITS=11                                                                                                                                                                                                                                                                                                 ; --                 ; --          ; 200Mhz_domain ;
; SLD_NODE_PARAMETER_ASSIGNMENT       ; SLD_BUFFER_FULL_STOP=1                                                                                                                                                                                                                                                                                            ; --                 ; --          ; 200Mhz_domain ;
; SLD_NODE_PARAMETER_ASSIGNMENT       ; SLD_CURRENT_RESOURCE_WIDTH=1                                                                                                                                                                                                                                                                                      ; --                 ; --          ; 200Mhz_domain ;
; SLD_NODE_PARAMETER_ASSIGNMENT       ; SLD_TRIGGER_LEVEL=1                                                                                                                                                                                                                                                                                               ; --                 ; --          ; 200Mhz_domain ;
; SLD_NODE_PARAMETER_ASSIGNMENT       ; SLD_SAMPLE_DEPTH=2048                                                                                                                                                                                                                                                                                             ; --                 ; --          ; 200Mhz_domain ;
; SLD_NODE_PARAMETER_ASSIGNMENT       ; SLD_TRIGGER_IN_ENABLED=0                                                                                                                                                                                                                                                                                          ; --                 ; --          ; 200Mhz_domain ;
; SLD_NODE_PARAMETER_ASSIGNMENT       ; SLD_ADVANCED_TRIGGER_ENTITY=basic,1,                                                                                                                                                                                                                                                                              ; --                 ; --          ; 200Mhz_domain ;
; SLD_NODE_PARAMETER_ASSIGNMENT       ; SLD_TRIGGER_LEVEL_PIPELINE=1                                                                                                                                                                                                                                                                                      ; --                 ; --          ; 200Mhz_domain ;
; SLD_NODE_PARAMETER_ASSIGNMENT       ; SLD_ENABLE_ADVANCED_TRIGGER=0                                                                                                                                                                                                                                                                                     ; --                 ; --          ; 200Mhz_domain ;
; SLD_NODE_PARAMETER_ASSIGNMENT       ; SLD_STORAGE_QUALIFIER_BITS=87                                                                                                                                                                                                                                                                                     ; --                 ; --          ; 200Mhz_domain ;
; SLD_NODE_PARAMETER_ASSIGNMENT       ; SLD_INCREMENTAL_ROUTING=1                                                                                                                                                                                                                                                                                         ; --                 ; --          ; 200Mhz_domain ;
; SLD_NODE_PARAMETER_ASSIGNMENT       ; SLD_TRIGGER_PIPELINE=0                                                                                                                                                                                                                                                                                            ; --                 ; --          ; 200Mhz_domain ;
; SLD_NODE_PARAMETER_ASSIGNMENT       ; SLD_RAM_PIPELINE=0                                                                                                                                                                                                                                                                                                ; --                 ; --          ; 200Mhz_domain ;
; SLD_NODE_PARAMETER_ASSIGNMENT       ; SLD_COUNTER_PIPELINE=0                                                                                                                                                                                                                                                                                            ; --                 ; --          ; 200Mhz_domain ;
; SPD_FILE                            ; ip_megawizards/clockb_pll.spd                                                                                                                                                                                                                                                                                     ; --                 ; --          ; --            ;
; SYNTHESIS_ONLY_QIP                  ; On                                                                                                                                                                                                                                                                                                                ; --                 ; --          ; --            ;
; SYNTHESIS_ONLY_QIP                  ; On                                                                                                                                                                                                                                                                                                                ; --                 ; --          ; --            ;
; TOP_LEVEL_ENTITY                    ; de1_soc_top                                                                                                                                                                                                                                                                                                       ; de1_soc_timing_lab ; --          ; --            ;
; USE_SIGNALTAP_FILE                  ; signal_tap_files/de1_soc.stp                                                                                                                                                                                                                                                                                      ; --                 ; --          ; --            ;
+-------------------------------------+-------------------------------------------------------------------------------------------------------------------------------------------------------------------------------------------------------------------------------------------------------------------------------------------------------------------+--------------------+-------------+---------------+


+-------------------------------------------------------------------------------------------------------------------------------+
; Flow Elapsed Time                                                                                                             ;
+---------------------------+--------------+-------------------------+---------------------+------------------------------------+
; Module Name               ; Elapsed Time ; Average Processors Used ; Peak Virtual Memory ; Total CPU Time (on all processors) ;
+---------------------------+--------------+-------------------------+---------------------+------------------------------------+
; Analysis & Synthesis      ; 00:00:44     ; 1.0                     ; 876 MB              ; 00:01:25                           ;
; Fitter                    ; 00:02:02     ; 1.1                     ; 2339 MB             ; 00:03:33                           ;
; Assembler                 ; 00:00:11     ; 1.0                     ; 790 MB              ; 00:00:11                           ;
; TimeQuest Timing Analyzer ; 00:00:44     ; 1.2                     ; 1150 MB             ; 00:00:51                           ;
; Total                     ; 00:03:41     ; --                      ; --                  ; 00:06:00                           ;
+---------------------------+--------------+-------------------------+---------------------+------------------------------------+


+-----------------------------------------------------------------------------------------+
; Flow OS Summary                                                                         ;
+---------------------------+------------------+------------+------------+----------------+
; Module Name               ; Machine Hostname ; OS Name    ; OS Version ; Processor type ;
+---------------------------+------------------+------------+------------+----------------+
; Analysis & Synthesis      ; LAPTOP-8GKTBMCA  ; Windows 10 ; 10.0       ; x86_64         ;
; Fitter                    ; LAPTOP-8GKTBMCA  ; Windows 10 ; 10.0       ; x86_64         ;
; Assembler                 ; LAPTOP-8GKTBMCA  ; Windows 10 ; 10.0       ; x86_64         ;
; TimeQuest Timing Analyzer ; LAPTOP-8GKTBMCA  ; Windows 10 ; 10.0       ; x86_64         ;
+---------------------------+------------------+------------+------------+----------------+


------------
; Flow Log ;
------------
quartus_map --read_settings_files=on --write_settings_files=off DE1_SOC_golden_top -c de1_soc_timing_lab
quartus_fit --read_settings_files=off --write_settings_files=off DE1_SOC_golden_top -c de1_soc_timing_lab
quartus_asm --read_settings_files=off --write_settings_files=off DE1_SOC_golden_top -c de1_soc_timing_lab
quartus_sta DE1_SOC_golden_top -c de1_soc_timing_lab



